2017/02/13 16:56:24 [alert] 5072#13128: lua_code_cache is off; this will hurt performance in ./nginx.conf:7
2017/02/13 16:56:25 [alert] 8960#12100: lua_code_cache is off; this will hurt performance in ./nginx.conf:7
2017/02/13 16:56:31 [error] 8960#11696: *1 "./html/index.html" is not found (3: The system cannot find the path specified), client: 127.0.0.1, server: localhost, request: "GET / HTTP/1.1", host: "localhost:8080"
2017/02/13 16:56:37 [error] 8960#11696: *1 lua entry thread aborted: runtime error: .\views.lua:3: module 'resty.mvc.query' not found:
	no field package.preload['resty.mvc.query']
	no file './lualib/resty\mvc\query.lua'
	no file './lualib/resty\mvc\query/init.lua'
	no file '.\resty\mvc\query.lua'
	no file 'C:\projects\openresty\lualib\resty\mvc\query.lua'
	no file 'C:\projects\openresty\lua\resty\mvc\query.lua'
	no file 'C:\projects\openresty\lua\resty\mvc\query\init.lua'
	no file './lualib/resty\mvc\query.so'
	no file '.\resty\mvc\query.dll'
	no file 'C:\projects\openresty\lualib\resty\mvc\query.so'
	no file 'C:\projects\openresty\resty\mvc\query.dll'
	no file 'C:\projects\openresty\loadall.dll'
	no file './lualib/resty.so'
	no file '.\resty.dll'
	no file 'C:\projects\openresty\lualib\resty.so'
	no file 'C:\projects\openresty\resty.dll'
	no file 'C:\projects\openresty\loadall.dll'
stack traceback:
coroutine 0:
	[C]: in function 'require'
	.\views.lua:3: in function 'init'
	content_by_lua(nginx.conf:15):1: in function <content_by_lua(nginx.conf:15):1>, client: 127.0.0.1, server: localhost, request: "GET /init HTTP/1.1", host: "localhost:8080"
2017/02/13 16:59:20 [alert] 6636#10724: lua_code_cache is off; this will hurt performance in ./nginx.conf:7
2017/02/13 16:59:20 [alert] 12052#8244: lua_code_cache is off; this will hurt performance in ./nginx.conf:7
2017/02/13 16:59:28 [error] 12052#12604: *1 lua tcp socket connect timed out, client: 127.0.0.1, server: localhost, request: "GET /init HTTP/1.1", host: "localhost:8080"
2017/02/13 16:59:51 [error] 12052#12604: *4 lua entry thread aborted: runtime error: .\models.lua:19: attempt to call local 'normalize_model' (a nil value)
stack traceback:
coroutine 0:
	.\models.lua: in main chunk
	[C]: in function 'require'
	.\forms.lua:5: in main chunk
	[C]: in function 'require'
	.\views.lua:39: in function 'register'
	content_by_lua(nginx.conf:19):1: in function <content_by_lua(nginx.conf:19):1>, client: 127.0.0.1, server: localhost, request: "GET /register HTTP/1.1", host: "localhost:8080", referrer: "http://localhost:8080/init"
2017/02/13 17:10:38 [alert] 4540#10292: lua_code_cache is off; this will hurt performance in ./nginx.conf:7
2017/02/13 17:10:38 [alert] 10092#13008: lua_code_cache is off; this will hurt performance in ./nginx.conf:7
2017/02/13 17:10:52 [error] 10092#9340: *1 lua entry thread aborted: runtime error: .\models.lua:19: attempt to call method 'normalize_model' (a nil value)
stack traceback:
coroutine 0:
	.\models.lua: in main chunk
	[C]: in function 'require'
	.\forms.lua:5: in main chunk
	[C]: in function 'require'
	.\views.lua:39: in function 'register'
	content_by_lua(nginx.conf:19):1: in function <content_by_lua(nginx.conf:19):1>, client: 127.0.0.1, server: localhost, request: "GET /register HTTP/1.1", host: "localhost:8080", referrer: "http://localhost:8080/init"
2017/02/13 17:11:24 [error] 10092#9340: *3 lua entry thread aborted: runtime error: .\models.lua:18: attempt to call method 'normalize_model' (a nil value)
stack traceback:
coroutine 0:
	.\models.lua: in main chunk
	[C]: in function 'require'
	.\forms.lua:5: in main chunk
	[C]: in function 'require'
	.\views.lua:39: in function 'register'
	content_by_lua(nginx.conf:19):1: in function <content_by_lua(nginx.conf:19):1>, client: 127.0.0.1, server: localhost, request: "GET /register HTTP/1.1", host: "localhost:8080", referrer: "http://localhost:8080/init"
